生成启动时间为 2016/7/20 17:52:07。
     1>项目“E:\Codes\LC31\LC31\LC31.vcxproj”在节点 2 上(Build 个目标)。
     1>ClCompile:
         C:\Program Files\Microsoft Visual Studio 12.0\VC\bin\CL.exe /c /ZI /nologo /W3 /WX- /sdl /Od /Oy- /D _MBCS /Gm /EHsc /RTC1 /MDd /GS /fp:precise /Zc:wchar_t /Zc:forScope /Fo"Debug\\" /Fd"Debug\vc120.pdb" /Gd /TP /analyze- /errorReport:prompt "源.cpp"
         源.cpp
     1>e:\codes\lc31\lc31\源.cpp(25): error C2275: “std::less<int>”: 将此类型用作表达式非法
                 e:\codes\lc31\lc31\源.cpp(8): 参见对正在编译的函数 模板 实例化“bool Solution::next_permutation<std::_Vector_iterator<std::_Vector_val<std::_Simple_types<int>>>>(BidiIt,BidiIt)”的引用
                 with
                 [
                     BidiIt=std::_Vector_iterator<std::_Vector_val<std::_Simple_types<int>>>
                 ]
     1>e:\codes\lc31\lc31\源.cpp(25): error C3861: “find_if”:  找不到标识符
     1>e:\codes\lc31\lc31\源.cpp(25): error C3861: “bind1st”:  找不到标识符
     1>e:\codes\lc31\lc31\源.cpp(26): error C2664: “void std::swap(std::exception_ptr &,std::exception_ptr &)”: 无法将参数 1 从“unknown-type”转换为“std::exception_ptr &”
     1>已完成生成项目“E:\Codes\LC31\LC31\LC31.vcxproj”(Build 个目标)的操作 - 失败。

生成失败。

已用时间 00:00:01.47
